<?xml version="1.0" encoding="UTF-8"?>
<!-- Generated by org.testng.reporters.JUnitReportReporter -->
<testsuite hostname="LAPTOP-1ABRJUG2" failures="0" tests="1" name="Testngpkg.Copypaste" time="0.657" errors="0" timestamp="2024-10-23T14:19:20 IST" skipped="0">
  <testcase classname="Testngpkg.Copypaste" name="test" time="0.657"/>
  <system-out/>
</testsuite> <!-- Testngpkg.Copypaste -->
