<?xml version="1.0" encoding="UTF-8"?>
<!-- Generated by org.testng.reporters.JUnitReportReporter -->
<testsuite hostname="LAPTOP-1ABRJUG2" failures="0" tests="1" name="Testngpkg.Datepicker" time="0.395" errors="0" timestamp="2024-10-29T15:02:34 IST" skipped="0">
  <testcase classname="Testngpkg.Datepicker" name="date" time="0.395"/>
  <system-out/>
</testsuite> <!-- Testngpkg.Datepicker -->
