<?xml version="1.0" encoding="UTF-8"?>
<!-- Generated by org.testng.reporters.JUnitReportReporter -->
<testsuite hostname="LAPTOP-1ABRJUG2" failures="0" tests="1" name="Testngpkg.Drangandrop" time="11.494" errors="0" timestamp="2024-10-28T19:36:22 IST" skipped="0">
  <testcase classname="Testngpkg.Drangandrop" name="test" time="11.494"/>
  <system-out/>
</testsuite> <!-- Testngpkg.Drangandrop -->
