<?xml version="1.0" encoding="UTF-8"?>
<!-- Generated by org.testng.reporters.JUnitReportReporter -->
<testsuite hostname="LAPTOP-1ABRJUG2" failures="0" tests="1" name="Testngpkg.Trivago" time="4.624" errors="0" timestamp="2024-10-30T20:04:10 IST" skipped="0">
  <testcase classname="Testngpkg.Trivago" name="datepicker" time="4.624"/>
  <system-out/>
</testsuite> <!-- Testngpkg.Trivago -->
