<?xml version="1.0" encoding="UTF-8"?>
<!-- Generated by org.testng.reporters.JUnitReportReporter -->
<testsuite hostname="LAPTOP-1ABRJUG2" failures="0" tests="1" name="Testngpkg.Windowhandler" time="4.797" errors="0" timestamp="2024-11-06T14:18:03 IST" skipped="0">
  <testcase classname="Testngpkg.Windowhandler" name="test" time="4.797"/>
  <system-out/>
</testsuite> <!-- Testngpkg.Windowhandler -->
