<?xml version="1.0" encoding="UTF-8"?>
<!-- Generated by org.testng.reporters.JUnitReportReporter -->
<testsuite hostname="LAPTOP-1ABRJUG2" failures="0" tests="1" name="Testngpkg.mousehoverbay" time="2.867" errors="0" timestamp="2024-10-31T13:35:29 IST" skipped="0">
  <testcase classname="Testngpkg.mousehoverbay" name="test" time="2.867"/>
  <system-out/>
</testsuite> <!-- Testngpkg.mousehoverbay -->
