<?xml version="1.0" encoding="UTF-8"?>
<!-- Generated by org.testng.reporters.JUnitReportReporter -->
<testsuite hostname="LAPTOP-1ABRJUG2" failures="0" tests="1" name="Testngpkg.Facebookloginpgm" time="0.291" errors="0" timestamp="2024-10-22T14:32:00 IST" skipped="0">
  <testcase classname="Testngpkg.Facebookloginpgm" name="fblogin" time="0.291"/>
  <system-out/>
</testsuite> <!-- Testngpkg.Facebookloginpgm -->
