<?xml version="1.0" encoding="UTF-8"?>
<!-- Generated by org.testng.reporters.JUnitReportReporter -->
<testsuite hostname="LAPTOP-1ABRJUG2" failures="0" tests="1" name="Testngpkg.Datadriven" time="4.745" errors="0" timestamp="2024-11-05T19:43:30 IST" skipped="0">
  <testcase classname="Testngpkg.Datadriven" name="keralalogin" time="4.745"/>
  <system-out/>
</testsuite> <!-- Testngpkg.Datadriven -->
