<?xml version="1.0" encoding="UTF-8"?>
<!-- Generated by org.testng.reporters.JUnitReportReporter -->
<testsuite hostname="LAPTOP-1ABRJUG2" failures="0" tests="1" name="Testngpkg.fileupload" time="0.220" errors="0" timestamp="2024-10-31T13:41:08 IST" skipped="0">
  <testcase classname="Testngpkg.fileupload" name="test" time="0.220"/>
  <system-out/>
</testsuite> <!-- Testngpkg.fileupload -->
