<?xml version="1.0" encoding="UTF-8"?>
<!-- Generated by org.testng.reporters.JUnitReportReporter -->
<testsuite hostname="LAPTOP-1ABRJUG2" failures="0" tests="1" name="Testngpkg.Parameterization" time="0.013" errors="0" timestamp="2024-10-22T14:02:01 IST" skipped="0">
  <testcase classname="Testngpkg.Parameterization" name="test" time="0.013"/>
  <system-out/>
</testsuite> <!-- Testngpkg.Parameterization -->
