<?xml version="1.0" encoding="UTF-8"?>
<!-- Generated by org.testng.reporters.JUnitReportReporter -->
<testsuite hostname="LAPTOP-1ABRJUG2" failures="0" tests="1" name="Testngpkg.loginvalidation" time="0.309" errors="0" timestamp="2024-10-28T15:15:56 IST" skipped="0">
  <testcase classname="Testngpkg.loginvalidation" name="login" time="0.309"/>
  <system-out/>
</testsuite> <!-- Testngpkg.loginvalidation -->
