<?xml version="1.0" encoding="UTF-8"?>
<!-- Generated by org.testng.reporters.JUnitReportReporter -->
<testsuite hostname="LAPTOP-1ABRJUG2" failures="0" tests="1" name="Testngpkg.Guru99demo" time="3.605" errors="0" timestamp="2024-10-24T13:03:10 IST" skipped="0">
  <testcase classname="Testngpkg.Guru99demo" name="test" time="3.605"/>
  <system-out/>
</testsuite> <!-- Testngpkg.Guru99demo -->
