<?xml version="1.0" encoding="UTF-8"?>
<!-- Generated by org.testng.reporters.JUnitReportReporter -->
<testsuite hostname="LAPTOP-1ABRJUG2" failures="0" tests="6" name="Testngpkg.Testngdemo" time="0.011" errors="0" timestamp="2024-10-18T14:43:16 IST" skipped="1">
  <testcase classname="Testngpkg.Testngdemo" name="test1" time="0.001"/>
  <system-out/>
  <testcase classname="Testngpkg.Testngdemo" name="test1" time="0.001"/>
  <system-out/>
  <testcase classname="Testngpkg.Testngdemo" name="test1" time="0.002"/>
  <system-out/>
  <testcase classname="Testngpkg.Testngdemo" name="test4" time="0.006"/>
  <system-out/>
  <testcase classname="Testngpkg.Testngdemo" name="test2" time="0.001"/>
  <system-out/>
  <testcase classname="Testngpkg.Testngdemo" name="test3">
    <skipped/>
  </testcase> <!-- test3 -->
  <system-out/>
</testsuite> <!-- Testngpkg.Testngdemo -->
