<?xml version="1.0" encoding="UTF-8"?>
<!-- Generated by org.testng.reporters.JUnitReportReporter -->
<testsuite hostname="LAPTOP-1ABRJUG2" failures="0" tests="2" name="Testngpkg.Redifftestng" time="0.129" errors="0" timestamp="2024-10-18T15:27:22 IST" skipped="0">
  <testcase classname="Testngpkg.Redifftestng" name="logo" time="0.042"/>
  <system-out/>
  <testcase classname="Testngpkg.Redifftestng" name="buttontest" time="0.087"/>
  <system-out/>
</testsuite> <!-- Testngpkg.Redifftestng -->
