<?xml version="1.0" encoding="UTF-8"?>
<!-- Generated by org.testng.reporters.JUnitReportReporter -->
<testsuite hostname="LAPTOP-1ABRJUG2" failures="0" tests="1" name="Testngpkg.filuploadrobot" time="9.256" errors="0" timestamp="2024-10-31T13:27:30 IST" skipped="0">
  <testcase classname="Testngpkg.filuploadrobot" name="test" time="9.256"/>
  <system-out/>
</testsuite> <!-- Testngpkg.filuploadrobot -->
