<?xml version="1.0" encoding="UTF-8"?>
<!-- Generated by org.testng.reporters.JUnitReportReporter -->
<testsuite hostname="LAPTOP-1ABRJUG2" failures="0" tests="3" name="Testngpkg.Crossbrowsertesting" time="9.875" errors="0" timestamp="2024-10-22T15:28:17 IST" skipped="0">
  <testcase classname="Testngpkg.Crossbrowsertesting" name="set" time="3.693"/>
  <system-out/>
  <testcase classname="Testngpkg.Crossbrowsertesting" name="set" time="2.748"/>
  <system-out/>
  <testcase classname="Testngpkg.Crossbrowsertesting" name="set" time="3.434"/>
  <system-out/>
</testsuite> <!-- Testngpkg.Crossbrowsertesting -->
